#
# A fatal error has been detected by the Java Runtime Environment:
#
#  SIGSEGV (0xb) at pc=0x000000010724c594, pid=79678, tid=0x0000000000004203
#
# JRE version: Java(TM) SE Runtime Environment (8.0_101-b13) (build 1.8.0_101-b13)
# Java VM: Java HotSpot(TM) 64-Bit Server VM (25.101-b13 mixed mode bsd-amd64 compressed oops)
# Problematic frame:
# V  [libjvm.dylib+0x44c594]
#
# Failed to write core dump. Core dumps have been disabled. To enable core dumping, try "ulimit -c unlimited" before starting Java again
#
# If you would like to submit a bug report, please visit:
#   http://bugreport.java.com/bugreport/crash.jsp
#

---------------  T H R E A D  ---------------

Current thread (0x00007fc31b845000):  JavaThread "JDWP Transport Listener: dt_socket" daemon [_thread_in_vm, id=16899, stack(0x0000700000ab8000,0x0000700000bb8000)]

siginfo: si_signo: 11 (SIGSEGV), si_code: 0 (unknown), si_addr: 0x0000000000000000

Registers:
RAX=0x0000000000000001, RBX=0x0000700000bb7a8b, RCX=0x000000010761f360, RDX=0x0000700000bb7a8b
RSP=0x0000700000bb79d0, RBP=0x0000700000bb79e0, RSI=0x00007fc31b845000, RDI=0xc000000000002a24
R8 =0x0000000000000000, R9 =0x00007fc31b61a7b0, R10=0x0000000003344a07, R11=0x00007fc31b600000
R12=0x00007fc31b845000, R13=0xc000000000002a24, R14=0xc000000000002a24, R15=0x00007fc31b4107b0
RIP=0x000000010724c594, EFLAGS=0x0000000000010286, ERR=0x0000000000000000
  TRAPNO=0x000000000000000d

Top of Stack: (sp=0x0000700000bb79d0)
0x0000700000bb79d0:   0000700000bb7a8b 0000700000bb7a8b
0x0000700000bb79e0:   0000700000bb7a40 00000001071580d2
0x0000700000bb79f0:   00007fc31b845000 0000000000000000
0x0000700000bb7a00:   0000000000000000 0000000000000000
0x0000700000bb7a10:   00007fc31b845000 00007fc31b845000
0x0000700000bb7a20:   0000700000bb7a8b 0000700000bb7a90
0x0000700000bb7a30:   c000000000002a24 0000000000000004
0x0000700000bb7a40:   0000700000bb7a60 0000000106524780
0x0000700000bb7a50:   0000000000000001 0000700000bb7b08
0x0000700000bb7a60:   0000700000bb7ad0 00000001065091f3
0x0000700000bb7a70:   0000700000bb7aa0 00007fc31b61d7a0
0x0000700000bb7a80:   0000000500000032 0000000a00bb7b08
0x0000700000bb7a90:   0000000000000000 0000000000000000
0x0000700000bb7aa0:   0000000000000000 0000700000bb7c90
0x0000700000bb7ab0:   000000010652be7a 00007fc31b712730
0x0000700000bb7ac0:   0000700000bb7b08 0000000106537598
0x0000700000bb7ad0:   0000700000bb7ae0 00000001065092ec
0x0000700000bb7ae0:   0000700000bb7d00 0000000106512898
0x0000700000bb7af0:   0000120a00000013 00000000000f0200
0x0000700000bb7b00:   00007fc31b7127a0 0000700000bb7c06
0x0000700000bb7b10:   00007fc30000007e 0000700000bb7b20
0x0000700000bb7b20:   00000000000000ae 0000700000bb7b58
0x0000700000bb7b30:   0000000000000000 0000000000000000
0x0000700000bb7b40:   0000120a0000001c 00007fff00003c80
0x0000700000bb7b50:   0000700000bb7b58 c37f000005000000
0x0000700000bb7b60:   0a00000048b8431b 5278614d646e6966
0x0000700000bb7b70:   5b28070000006365 0000004929494949
0x0000700000bb7b80:   7f00000a00000000 00000038b8431bc3
0x0000700000bb7b90:   0000006e69616d04 6176616a4c5b2816
0x0000700000bb7ba0:   74532f676e616c2f 0056293b676e6972
0x0000700000bb7bb0:   0009000000000000 0050b8431bc37f00
0x0000700000bb7bc0:   79507465670f0000 756f4364696d6172 

Instructions: (pc=0x000000010724c594)
0x000000010724c574:   40 48 48 85 c0 75 e0 30 c0 0f b6 c0 5d c3 31 c0
0x000000010724c584:   5d c3 55 48 89 e5 53 48 83 ec 08 48 85 ff 74 24
0x000000010724c594:   48 8b 1f 48 85 db 74 1c 48 83 fb 37 74 16 48 8b
0x000000010724c5a4:   03 48 89 df ff 50 10 84 c0 b8 00 00 00 00 48 0f 

Register to memory mapping:

RAX=0x0000000000000001 is an unknown value
RBX=0x0000700000bb7a8b is pointing into the stack for thread: 0x00007fc31b845000
RCX=0x000000010761f360: UseMembar+0 in /Library/Java/JavaVirtualMachines/jdk1.8.0_101.jdk/Contents/Home/jre/lib/server/libjvm.dylib at 0x0000000106e00000
RDX=0x0000700000bb7a8b is pointing into the stack for thread: 0x00007fc31b845000
RSP=0x0000700000bb79d0 is pointing into the stack for thread: 0x00007fc31b845000
RBP=0x0000700000bb79e0 is pointing into the stack for thread: 0x00007fc31b845000
RSI=0x00007fc31b845000 is a thread
RDI=0xc000000000002a24 is an unknown value
R8 =0x0000000000000000 is an unknown value
R9 =0x00007fc31b61a7b0 is an unknown value
R10=0x0000000003344a07 is an unknown value
R11=0x00007fc31b600000 is an unknown value
R12=0x00007fc31b845000 is a thread
R13=0xc000000000002a24 is an unknown value
R14=0xc000000000002a24 is an unknown value
R15=0x00007fc31b4107b0 is an unknown value


Stack: [0x0000700000ab8000,0x0000700000bb8000],  sp=0x0000700000bb79d0,  free space=1022k
Native frames: (J=compiled Java code, j=interpreted, Vv=VM code, C=native code)
V  [libjvm.dylib+0x44c594]
V  [libjvm.dylib+0x3580d2]
C  [libjdwp.dylib+0x20780]  isMethodSynthetic+0x63
C  [libjdwp.dylib+0x51f3]  methods1+0x10b
C  [libjdwp.dylib+0x52ec]  methodsWithGeneric+0xe
C  [libjdwp.dylib+0xe898]  debugLoop_run+0x1ce
C  [libjdwp.dylib+0x1f6ba]  attachThread+0x4d
V  [libjvm.dylib+0x399438]
V  [libjvm.dylib+0x5695ab]
V  [libjvm.dylib+0x56ac98]
V  [libjvm.dylib+0x48933a]
C  [libsystem_pthread.dylib+0x399d]  _pthread_body+0x83
C  [libsystem_pthread.dylib+0x391a]  _pthread_body+0x0
C  [libsystem_pthread.dylib+0x1351]  thread_start+0xd
C  0x0000000000000000


---------------  P R O C E S S  ---------------

Java Threads: ( => current thread )
  0x00007fc31d05e000 JavaThread "Service Thread" daemon [_thread_blocked, id=19971, stack(0x00007000010ca000,0x00007000011ca000)]
  0x00007fc31c821800 JavaThread "C1 CompilerThread2" daemon [_thread_blocked, id=19459, stack(0x0000700000fc7000,0x00007000010c7000)]
  0x00007fc31c014000 JavaThread "C2 CompilerThread1" daemon [_thread_blocked, id=18947, stack(0x0000700000ec4000,0x0000700000fc4000)]
  0x00007fc31b82e000 JavaThread "C2 CompilerThread0" daemon [_thread_blocked, id=18435, stack(0x0000700000dc1000,0x0000700000ec1000)]
  0x00007fc31c81a800 JavaThread "JDWP Command Reader" daemon [_thread_in_native, id=17923, stack(0x0000700000cbe000,0x0000700000dbe000)]
  0x00007fc31c013800 JavaThread "JDWP Event Helper Thread" daemon [_thread_blocked, id=17411, stack(0x0000700000bbb000,0x0000700000cbb000)]
=>0x00007fc31b845000 JavaThread "JDWP Transport Listener: dt_socket" daemon [_thread_in_vm, id=16899, stack(0x0000700000ab8000,0x0000700000bb8000)]
  0x00007fc31c81f000 JavaThread "Signal Dispatcher" daemon [_thread_blocked, id=13839, stack(0x00007000009b5000,0x0000700000ab5000)]
  0x00007fc31c83d000 JavaThread "Finalizer" daemon [_thread_blocked, id=12291, stack(0x000070000082f000,0x000070000092f000)]
  0x00007fc31d00a000 JavaThread "Reference Handler" daemon [_thread_blocked, id=11779, stack(0x000070000072c000,0x000070000082c000)]
  0x00007fc31c801000 JavaThread "main" [_thread_blocked, id=5891, stack(0x000070000011a000,0x000070000021a000)]

Other Threads:
  0x00007fc31c837000 VMThread [stack: 0x0000700000629000,0x0000700000729000] [id=11267]
  0x00007fc31d066800 WatcherThread [stack: 0x00007000011cd000,0x00007000012cd000] [id=20483]

VM state:not at safepoint (normal execution)

VM Mutex/Monitor currently owned by a thread: None

Heap:
 PSYoungGen      total 18944K, used 1638K [0x00000007aab00000, 0x00000007ac000000, 0x00000007c0000000)
  eden space 16384K, 10% used [0x00000007aab00000,0x00000007aac99a68,0x00000007abb00000)
  from space 2560K, 0% used [0x00000007abd80000,0x00000007abd80000,0x00000007ac000000)
  to   space 2560K, 0% used [0x00000007abb00000,0x00000007abb00000,0x00000007abd80000)
 ParOldGen       total 44032K, used 0K [0x0000000780000000, 0x0000000782b00000, 0x00000007aab00000)
  object space 44032K, 0% used [0x0000000780000000,0x0000000780000000,0x0000000782b00000)
 Metaspace       used 2698K, capacity 4490K, committed 4864K, reserved 1056768K
  class space    used 289K, capacity 386K, committed 512K, reserved 1048576K

Card table byte_map: [0x000000011715d000,0x000000011735e000] byte_map_base: 0x000000011355d000

Marking Bits: (ParMarkBitMap*) 0x00000001076edd20
 Begin Bits: [0x00000001174b4000, 0x00000001184b4000)
 End Bits:   [0x00000001184b4000, 0x00000001194b4000)

Polling page: 0x0000000106503000

CodeCache: size=245760Kb used=1120Kb max_used=1120Kb free=244639Kb
 bounds [0x0000000107d9d000, 0x000000010800d000, 0x0000000116d9d000]
 total_blobs=256 nmethods=33 adapters=145
 compilation: enabled

Compilation events (10 events):
Event: 0.259 Thread 0x00007fc31c821800   29       3       java.io.UnixFileSystem::normalize (75 bytes)
Event: 0.259 Thread 0x00007fc31c821800 nmethod 29 0x0000000107eb2650 code [0x0000000107eb2820, 0x0000000107eb2ec8]
Event: 0.259 Thread 0x00007fc31c821800   30       1       java.net.URL::getProtocol (5 bytes)
Event: 0.259 Thread 0x00007fc31c821800 nmethod 30 0x0000000107eb2390 code [0x0000000107eb24e0, 0x0000000107eb25f0]
Event: 0.260 Thread 0x00007fc31c821800   31       1       java.io.File::getPath (5 bytes)
Event: 0.260 Thread 0x00007fc31c821800 nmethod 31 0x0000000107eb20d0 code [0x0000000107eb2220, 0x0000000107eb2330]
Event: 0.260 Thread 0x00007fc31c821800   32       1       java.lang.StringCoding$StringEncoder::requestedCharsetName (5 bytes)
Event: 0.260 Thread 0x00007fc31c821800 nmethod 32 0x0000000107eb4ed0 code [0x0000000107eb5020, 0x0000000107eb5130]
Event: 0.262 Thread 0x00007fc31c821800   33       3       java.lang.StringBuilder::append (8 bytes)
Event: 0.262 Thread 0x00007fc31c821800 nmethod 33 0x0000000107eb5190 code [0x0000000107eb5300, 0x0000000107eb54a8]

GC Heap History (0 events):
No events

Deoptimization events (0 events):
No events

Internal exceptions (10 events):
Event: 0.254 Thread 0x00007fc31c801000 Exception <a 'java/security/PrivilegedActionException'> (0x00000007aac4a4d8) thrown at [/HUDSON3/workspace/8-2-build-macosx-x86_64/jdk8u101/7261/hotspot/src/share/vm/prims/jvm.cpp, line 1386]
Event: 0.256 Thread 0x00007fc31c801000 Exception <a 'java/util/zip/ZipException'> (0x00000007aac4b258) thrown at [/HUDSON3/workspace/8-2-build-macosx-x86_64/jdk8u101/7261/hotspot/src/share/vm/prims/jni.cpp, line 709]
Event: 0.256 Thread 0x00007fc31c801000 Exception <a 'java/security/PrivilegedActionException'> (0x00000007aac4b460) thrown at [/HUDSON3/workspace/8-2-build-macosx-x86_64/jdk8u101/7261/hotspot/src/share/vm/prims/jvm.cpp, line 1386]
Event: 0.256 Thread 0x00007fc31c801000 Exception <a 'java/security/PrivilegedActionException'> (0x00000007aac4b670) thrown at [/HUDSON3/workspace/8-2-build-macosx-x86_64/jdk8u101/7261/hotspot/src/share/vm/prims/jvm.cpp, line 1386]
Event: 0.258 Thread 0x00007fc31c801000 Exception <a 'java/util/zip/ZipException'> (0x00000007aac4c3f0) thrown at [/HUDSON3/workspace/8-2-build-macosx-x86_64/jdk8u101/7261/hotspot/src/share/vm/prims/jni.cpp, line 709]
Event: 0.258 Thread 0x00007fc31c801000 Exception <a 'java/security/PrivilegedActionException'> (0x00000007aac4c5f8) thrown at [/HUDSON3/workspace/8-2-build-macosx-x86_64/jdk8u101/7261/hotspot/src/share/vm/prims/jvm.cpp, line 1386]
Event: 0.258 Thread 0x00007fc31c801000 Exception <a 'java/security/PrivilegedActionException'> (0x00000007aac4c808) thrown at [/HUDSON3/workspace/8-2-build-macosx-x86_64/jdk8u101/7261/hotspot/src/share/vm/prims/jvm.cpp, line 1386]
Event: 0.262 Thread 0x00007fc31c801000 Exception <a 'java/util/zip/ZipException'> (0x00000007aac5e148) thrown at [/HUDSON3/workspace/8-2-build-macosx-x86_64/jdk8u101/7261/hotspot/src/share/vm/prims/jni.cpp, line 709]
Event: 0.262 Thread 0x00007fc31c801000 Exception <a 'java/security/PrivilegedActionException'> (0x00000007aac5e350) thrown at [/HUDSON3/workspace/8-2-build-macosx-x86_64/jdk8u101/7261/hotspot/src/share/vm/prims/jvm.cpp, line 1386]
Event: 0.262 Thread 0x00007fc31c801000 Exception <a 'java/security/PrivilegedActionException'> (0x00000007aac5e560) thrown at [/HUDSON3/workspace/8-2-build-macosx-x86_64/jdk8u101/7261/hotspot/src/share/vm/prims/jvm.cpp, line 1386]

Events (10 events):
Event: 0.267 loading class java/lang/Class$MethodArray
Event: 0.267 loading class java/lang/Class$MethodArray done
Event: 0.268 Executing VM operation: ChangeBreakpoints
Event: 0.268 Executing VM operation: ChangeBreakpoints done
Event: 0.270 loading class java/lang/Void
Event: 0.270 loading class java/lang/Void done
Event: 4.261 Executing VM operation: EnableBiasedLocking
Event: 4.261 Executing VM operation: EnableBiasedLocking done
Event: 476.626 Executing VM operation: RedefineClasses
Event: 476.628 Executing VM operation: RedefineClasses done


Dynamic libraries:
0x0000000006f49000 	/System/Library/Frameworks/Cocoa.framework/Versions/A/Cocoa
0x0000000006f49000 	/System/Library/Frameworks/Security.framework/Versions/A/Security
0x0000000006f49000 	/System/Library/Frameworks/ApplicationServices.framework/Versions/A/ApplicationServices
0x0000000006f49000 	/usr/lib/libz.1.dylib
0x0000000006f49000 	/usr/lib/libSystem.B.dylib
0x0000000006f49000 	/usr/lib/libobjc.A.dylib
0x0000000006f49000 	/System/Library/Frameworks/CoreFoundation.framework/Versions/A/CoreFoundation
0x0000000006f49000 	/System/Library/Frameworks/Foundation.framework/Versions/C/Foundation
0x0000000006f49000 	/System/Library/Frameworks/AppKit.framework/Versions/C/AppKit
0x0000000006f49000 	/System/Library/Frameworks/CoreData.framework/Versions/A/CoreData
0x0000000006f49000 	/System/Library/PrivateFrameworks/RemoteViewServices.framework/Versions/A/RemoteViewServices
0x0000000006f49000 	/System/Library/PrivateFrameworks/UIFoundation.framework/Versions/A/UIFoundation
0x0000000006f49000 	/usr/lib/libScreenReader.dylib
0x0000000006f49000 	/System/Library/Frameworks/Accelerate.framework/Versions/A/Accelerate
0x0000000006f49000 	/System/Library/Frameworks/IOSurface.framework/Versions/A/IOSurface
0x0000000006f49000 	/System/Library/Frameworks/AudioToolbox.framework/Versions/A/AudioToolbox
0x0000000006f49000 	/System/Library/Frameworks/AudioUnit.framework/Versions/A/AudioUnit
0x0000000006f49000 	/System/Library/PrivateFrameworks/DataDetectorsCore.framework/Versions/A/DataDetectorsCore
0x0000000006f49000 	/System/Library/PrivateFrameworks/DesktopServicesPriv.framework/Versions/A/DesktopServicesPriv
0x0000000006f49000 	/System/Library/Frameworks/Carbon.framework/Versions/A/Frameworks/HIToolbox.framework/Versions/A/HIToolbox
0x0000000006f49000 	/System/Library/Frameworks/QuartzCore.framework/Versions/A/QuartzCore
0x0000000006f49000 	/System/Library/Frameworks/Carbon.framework/Versions/A/Frameworks/SpeechRecognition.framework/Versions/A/SpeechRecognition
0x0000000006f49000 	/usr/lib/libauto.dylib
0x0000000006f49000 	/usr/lib/libicucore.A.dylib
0x0000000006f49000 	/usr/lib/libxml2.2.dylib
0x0000000006f49000 	/System/Library/PrivateFrameworks/CoreUI.framework/Versions/A/CoreUI
0x0000000006f49000 	/System/Library/Frameworks/CoreAudio.framework/Versions/A/CoreAudio
0x0000000006f49000 	/System/Library/Frameworks/DiskArbitration.framework/Versions/A/DiskArbitration
0x0000000006f49000 	/usr/lib/liblangid.dylib
0x0000000006f49000 	/System/Library/PrivateFrameworks/MultitouchSupport.framework/Versions/A/MultitouchSupport
0x0000000006f49000 	/System/Library/Frameworks/IOKit.framework/Versions/A/IOKit
0x0000000006f49000 	/usr/lib/libDiagnosticMessagesClient.dylib
0x0000000006f49000 	/System/Library/Frameworks/CoreServices.framework/Versions/A/CoreServices
0x0000000006f49000 	/System/Library/PrivateFrameworks/PerformanceAnalysis.framework/Versions/A/PerformanceAnalysis
0x0000000006f49000 	/System/Library/PrivateFrameworks/GenerationalStorage.framework/Versions/A/GenerationalStorage
0x0000000006f49000 	/System/Library/Frameworks/OpenGL.framework/Versions/A/OpenGL
0x0000000006f49000 	/System/Library/PrivateFrameworks/Sharing.framework/Versions/A/Sharing
0x0000000006f49000 	/System/Library/Frameworks/CoreGraphics.framework/Versions/A/CoreGraphics
0x0000000006f49000 	/System/Library/Frameworks/CoreImage.framework/Versions/A/CoreImage
0x0000000006f49000 	/System/Library/Frameworks/CoreText.framework/Versions/A/CoreText
0x0000000006f49000 	/System/Library/Frameworks/ImageIO.framework/Versions/A/ImageIO
0x0000000006f49000 	/System/Library/PrivateFrameworks/Backup.framework/Versions/A/Backup
0x0000000006f49000 	/usr/lib/libextension.dylib
0x0000000006f49000 	/usr/lib/libarchive.2.dylib
0x0000000006f49000 	/System/Library/Frameworks/CFNetwork.framework/Versions/A/CFNetwork
0x0000000006f49000 	/System/Library/Frameworks/SystemConfiguration.framework/Versions/A/SystemConfiguration
0x0000000006f49000 	/usr/lib/libCRFSuite.dylib
0x0000000006f49000 	/usr/lib/libc++.1.dylib
0x0000000006f49000 	/usr/lib/libc++abi.dylib
0x0000000006f49000 	/usr/lib/system/libcache.dylib
0x0000000006f49000 	/usr/lib/system/libcommonCrypto.dylib
0x0000000006f49000 	/usr/lib/system/libcompiler_rt.dylib
0x0000000006f49000 	/usr/lib/system/libcopyfile.dylib
0x0000000006f49000 	/usr/lib/system/libcorecrypto.dylib
0x0000000006f49000 	/usr/lib/system/libdispatch.dylib
0x0000000006f49000 	/usr/lib/system/libdyld.dylib
0x0000000006f49000 	/usr/lib/system/libkeymgr.dylib
0x0000000006f49000 	/usr/lib/system/liblaunch.dylib
0x0000000006f49000 	/usr/lib/system/libmacho.dylib
0x0000000006f49000 	/usr/lib/system/libquarantine.dylib
0x0000000006f49000 	/usr/lib/system/libremovefile.dylib
0x0000000006f49000 	/usr/lib/system/libsystem_asl.dylib
0x0000000006f49000 	/usr/lib/system/libsystem_blocks.dylib
0x0000000006f49000 	/usr/lib/system/libsystem_c.dylib
0x0000000006f49000 	/usr/lib/system/libsystem_configuration.dylib
0x0000000006f49000 	/usr/lib/system/libsystem_coreservices.dylib
0x0000000006f49000 	/usr/lib/system/libsystem_coretls.dylib
0x0000000006f49000 	/usr/lib/system/libsystem_dnssd.dylib
0x0000000006f49000 	/usr/lib/system/libsystem_info.dylib
0x0000000006f49000 	/usr/lib/system/libsystem_kernel.dylib
0x0000000006f49000 	/usr/lib/system/libsystem_m.dylib
0x0000000006f49000 	/usr/lib/system/libsystem_malloc.dylib
0x0000000006f49000 	/usr/lib/system/libsystem_network.dylib
0x0000000006f49000 	/usr/lib/system/libsystem_networkextension.dylib
0x0000000006f49000 	/usr/lib/system/libsystem_notify.dylib
0x0000000006f49000 	/usr/lib/system/libsystem_platform.dylib
0x0000000006f49000 	/usr/lib/system/libsystem_pthread.dylib
0x0000000006f49000 	/usr/lib/system/libsystem_sandbox.dylib
0x0000000006f49000 	/usr/lib/system/libsystem_secinit.dylib
0x0000000006f49000 	/usr/lib/system/libsystem_trace.dylib
0x0000000006f49000 	/usr/lib/system/libunc.dylib
0x0000000006f49000 	/usr/lib/system/libunwind.dylib
0x0000000006f49000 	/usr/lib/system/libxpc.dylib
0x0000000006f49000 	/usr/lib/libenergytrace.dylib
0x0000000006f49000 	/usr/lib/libbsm.0.dylib
0x0000000006f49000 	/usr/lib/system/libkxld.dylib
0x0000000006f49000 	/usr/lib/libxar.1.dylib
0x0000000006f49000 	/usr/lib/libsqlite3.dylib
0x0000000006f49000 	/usr/lib/libpam.2.dylib
0x0000000006f49000 	/usr/lib/libOpenScriptingUtil.dylib
0x0000000006f49000 	/usr/lib/libbz2.1.0.dylib
0x0000000006f49000 	/usr/lib/liblzma.5.dylib
0x0000000006f49000 	/System/Library/Frameworks/CoreServices.framework/Versions/A/Frameworks/FSEvents.framework/Versions/A/FSEvents
0x0000000006f49000 	/System/Library/Frameworks/CoreServices.framework/Versions/A/Frameworks/CarbonCore.framework/Versions/A/CarbonCore
0x0000000006f49000 	/System/Library/Frameworks/CoreServices.framework/Versions/A/Frameworks/Metadata.framework/Versions/A/Metadata
0x0000000006f49000 	/System/Library/Frameworks/CoreServices.framework/Versions/A/Frameworks/OSServices.framework/Versions/A/OSServices
0x0000000006f49000 	/System/Library/Frameworks/CoreServices.framework/Versions/A/Frameworks/SearchKit.framework/Versions/A/SearchKit
0x0000000006f49000 	/System/Library/Frameworks/CoreServices.framework/Versions/A/Frameworks/AE.framework/Versions/A/AE
0x0000000006f49000 	/System/Library/Frameworks/CoreServices.framework/Versions/A/Frameworks/LaunchServices.framework/Versions/A/LaunchServices
0x0000000006f49000 	/System/Library/Frameworks/CoreServices.framework/Versions/A/Frameworks/DictionaryServices.framework/Versions/A/DictionaryServices
0x0000000006f49000 	/System/Library/Frameworks/CoreServices.framework/Versions/A/Frameworks/SharedFileList.framework/Versions/A/SharedFileList
0x0000000006f49000 	/System/Library/Frameworks/NetFS.framework/Versions/A/NetFS
0x0000000006f49000 	/System/Library/PrivateFrameworks/NetAuth.framework/Versions/A/NetAuth
0x0000000006f49000 	/System/Library/PrivateFrameworks/login.framework/Versions/A/Frameworks/loginsupport.framework/Versions/A/loginsupport
0x0000000006f49000 	/System/Library/PrivateFrameworks/TCC.framework/Versions/A/TCC
0x0000000006f49000 	/usr/lib/libmecabra.dylib
0x0000000006f49000 	/System/Library/Frameworks/ApplicationServices.framework/Versions/A/Frameworks/ATS.framework/Versions/A/ATS
0x0000000006f49000 	/System/Library/Frameworks/ApplicationServices.framework/Versions/A/Frameworks/ColorSync.framework/Versions/A/ColorSync
0x0000000006f49000 	/System/Library/Frameworks/ApplicationServices.framework/Versions/A/Frameworks/HIServices.framework/Versions/A/HIServices
0x0000000006f49000 	/System/Library/Frameworks/ApplicationServices.framework/Versions/A/Frameworks/LangAnalysis.framework/Versions/A/LangAnalysis
0x0000000006f49000 	/System/Library/Frameworks/ApplicationServices.framework/Versions/A/Frameworks/PrintCore.framework/Versions/A/PrintCore
0x0000000006f49000 	/System/Library/Frameworks/ApplicationServices.framework/Versions/A/Frameworks/QD.framework/Versions/A/QD
0x0000000006f49000 	/System/Library/Frameworks/ApplicationServices.framework/Versions/A/Frameworks/SpeechSynthesis.framework/Versions/A/SpeechSynthesis
0x0000000006f49000 	/System/Library/Frameworks/Metal.framework/Versions/A/Metal
0x0000000006f49000 	/System/Library/Frameworks/Accelerate.framework/Versions/A/Frameworks/vImage.framework/Versions/A/vImage
0x0000000006f49000 	/System/Library/Frameworks/Accelerate.framework/Versions/A/Frameworks/vecLib.framework/Versions/A/vecLib
0x0000000006f49000 	/System/Library/Frameworks/Accelerate.framework/Versions/A/Frameworks/vecLib.framework/Versions/A/libvDSP.dylib
0x0000000006f49000 	/System/Library/Frameworks/Accelerate.framework/Versions/A/Frameworks/vecLib.framework/Versions/A/libvMisc.dylib
0x0000000006f49000 	/System/Library/Frameworks/Accelerate.framework/Versions/A/Frameworks/vecLib.framework/Versions/A/libLAPACK.dylib
0x0000000006f49000 	/System/Library/Frameworks/Accelerate.framework/Versions/A/Frameworks/vecLib.framework/Versions/A/libBLAS.dylib
0x0000000006f49000 	/System/Library/Frameworks/Accelerate.framework/Versions/A/Frameworks/vecLib.framework/Versions/A/libLinearAlgebra.dylib
0x0000000006f49000 	/System/Library/Frameworks/Accelerate.framework/Versions/A/Frameworks/vecLib.framework/Versions/A/libSparseBLAS.dylib
0x0000000006f49000 	/System/Library/PrivateFrameworks/GPUCompiler.framework/libmetal_timestamp.dylib
0x0000000006f49000 	/System/Library/Frameworks/OpenGL.framework/Versions/A/Libraries/libCoreFSCache.dylib
0x0000000006f49000 	/System/Library/PrivateFrameworks/IOAccelerator.framework/Versions/A/IOAccelerator
0x0000000006f49000 	/System/Library/Frameworks/ApplicationServices.framework/Versions/A/Frameworks/ATS.framework/Versions/A/Resources/libFontParser.dylib
0x0000000006f49000 	/System/Library/Frameworks/ApplicationServices.framework/Versions/A/Frameworks/ATS.framework/Versions/A/Resources/libFontRegistry.dylib
0x0000000006f49000 	/System/Library/PrivateFrameworks/AppleVPA.framework/Versions/A/AppleVPA
0x0000000006f49000 	/System/Library/PrivateFrameworks/AppleJPEG.framework/Versions/A/AppleJPEG
0x0000000006f49000 	/System/Library/Frameworks/ImageIO.framework/Versions/A/Resources/libJPEG.dylib
0x0000000006f49000 	/System/Library/Frameworks/ImageIO.framework/Versions/A/Resources/libTIFF.dylib
0x0000000006f49000 	/System/Library/Frameworks/ImageIO.framework/Versions/A/Resources/libPng.dylib
0x0000000006f49000 	/System/Library/Frameworks/ImageIO.framework/Versions/A/Resources/libGIF.dylib
0x0000000006f49000 	/System/Library/Frameworks/ImageIO.framework/Versions/A/Resources/libJP2.dylib
0x0000000006f49000 	/System/Library/Frameworks/ImageIO.framework/Versions/A/Resources/libRadiance.dylib
0x0000000006f49000 	/System/Library/Frameworks/CoreVideo.framework/Versions/A/CoreVideo
0x0000000006f49000 	/System/Library/Frameworks/OpenGL.framework/Versions/A/Libraries/libGLU.dylib
0x0000000006f49000 	/System/Library/Frameworks/OpenGL.framework/Versions/A/Libraries/libGFXShared.dylib
0x0000000006f49000 	/System/Library/Frameworks/OpenGL.framework/Versions/A/Libraries/libGL.dylib
0x0000000006f49000 	/System/Library/Frameworks/OpenGL.framework/Versions/A/Libraries/libGLImage.dylib
0x0000000006f49000 	/System/Library/Frameworks/OpenGL.framework/Versions/A/Libraries/libCVMSPluginSupport.dylib
0x0000000006f49000 	/System/Library/Frameworks/OpenGL.framework/Versions/A/Libraries/libCoreVMClient.dylib
0x0000000006f49000 	/usr/lib/libcompression.dylib
0x0000000006f49000 	/usr/lib/libcups.2.dylib
0x0000000006f49000 	/System/Library/Frameworks/Kerberos.framework/Versions/A/Kerberos
0x0000000006f49000 	/System/Library/Frameworks/GSS.framework/Versions/A/GSS
0x0000000006f49000 	/usr/lib/libresolv.9.dylib
0x0000000006f49000 	/usr/lib/libiconv.2.dylib
0x0000000006f49000 	/System/Library/PrivateFrameworks/Heimdal.framework/Versions/A/Heimdal
0x0000000006f49000 	/usr/lib/libheimdal-asn1.dylib
0x0000000006f49000 	/System/Library/Frameworks/OpenDirectory.framework/Versions/A/OpenDirectory
0x0000000006f49000 	/System/Library/PrivateFrameworks/CommonAuth.framework/Versions/A/CommonAuth
0x0000000006f49000 	/System/Library/Frameworks/OpenDirectory.framework/Versions/A/Frameworks/CFOpenDirectory.framework/Versions/A/CFOpenDirectory
0x0000000006f49000 	/System/Library/Frameworks/SecurityFoundation.framework/Versions/A/SecurityFoundation
0x0000000006f49000 	/System/Library/PrivateFrameworks/LanguageModeling.framework/Versions/A/LanguageModeling
0x0000000006f49000 	/usr/lib/libmarisa.dylib
0x0000000006f49000 	/usr/lib/libChineseTokenizer.dylib
0x0000000006f49000 	/usr/lib/libcmph.dylib
0x0000000006f49000 	/System/Library/Frameworks/ServiceManagement.framework/Versions/A/ServiceManagement
0x0000000006f49000 	/usr/lib/libxslt.1.dylib
0x0000000006f49000 	/System/Library/Frameworks/Carbon.framework/Versions/A/Frameworks/Ink.framework/Versions/A/Ink
0x0000000006f49000 	/usr/lib/libFosl_dynamic.dylib
0x0000000006f49000 	/System/Library/PrivateFrameworks/FaceCore.framework/Versions/A/FaceCore
0x0000000006f49000 	/System/Library/Frameworks/OpenCL.framework/Versions/A/OpenCL
0x0000000006f49000 	/System/Library/PrivateFrameworks/CrashReporterSupport.framework/Versions/A/CrashReporterSupport
0x0000000006f49000 	/System/Library/PrivateFrameworks/IconServices.framework/Versions/A/IconServices
0x0000000006f49000 	/System/Library/PrivateFrameworks/Apple80211.framework/Versions/A/Apple80211
0x0000000006f49000 	/System/Library/Frameworks/CoreWLAN.framework/Versions/A/CoreWLAN
0x0000000006f49000 	/System/Library/Frameworks/IOBluetooth.framework/Versions/A/IOBluetooth
0x0000000006f49000 	/System/Library/PrivateFrameworks/CoreWiFi.framework/Versions/A/CoreWiFi
0x0000000006f49000 	/System/Library/Frameworks/CoreBluetooth.framework/Versions/A/CoreBluetooth
0x0000000006f49000 	/System/Library/PrivateFrameworks/ChunkingLibrary.framework/Versions/A/ChunkingLibrary
0x0000000006f49000 	/System/Library/PrivateFrameworks/DebugSymbols.framework/Versions/A/DebugSymbols
0x0000000006f49000 	/System/Library/PrivateFrameworks/CoreSymbolication.framework/Versions/A/CoreSymbolication
0x0000000006f49000 	/System/Library/PrivateFrameworks/Symbolication.framework/Versions/A/Symbolication
0x0000000006f49000 	/System/Library/PrivateFrameworks/SpeechRecognitionCore.framework/Versions/A/SpeechRecognitionCore
0x0000000106e00000 	/Library/Java/JavaVirtualMachines/jdk1.8.0_101.jdk/Contents/Home/jre/lib/server/libjvm.dylib
0x0000000006f49000 	/usr/lib/libstdc++.6.dylib
0x00000001064c0000 	/Library/Java/JavaVirtualMachines/jdk1.8.0_101.jdk/Contents/Home/jre/lib/libverify.dylib
0x00000001064ce000 	/Library/Java/JavaVirtualMachines/jdk1.8.0_101.jdk/Contents/Home/jre/lib/libjava.dylib
0x0000000106504000 	/Library/Java/JavaVirtualMachines/jdk1.8.0_101.jdk/Contents/Home/jre/lib/libjdwp.dylib
0x000000010654f000 	/Library/Java/JavaVirtualMachines/jdk1.8.0_101.jdk/Contents/Home/jre/lib/libnpt.dylib
0x000000010655c000 	/Library/Java/JavaVirtualMachines/jdk1.8.0_101.jdk/Contents/Home/jre/lib/libzip.dylib
0x000000011b100000 	/System/Library/Frameworks/JavaVM.framework/Frameworks/JavaRuntimeSupport.framework/JavaRuntimeSupport
0x000000011b11b000 	/System/Library/Frameworks/JavaVM.framework/Versions/A/Frameworks/JavaNativeFoundation.framework/Versions/A/JavaNativeFoundation
0x000000011b130000 	/System/Library/Frameworks/JavaVM.framework/Versions/A/JavaVM
0x0000000006f49000 	/System/Library/Frameworks/Carbon.framework/Versions/A/Carbon
0x000000011b13d000 	/System/Library/PrivateFrameworks/JavaLaunching.framework/Versions/A/JavaLaunching
0x0000000006f49000 	/System/Library/Frameworks/Carbon.framework/Versions/A/Frameworks/CommonPanels.framework/Versions/A/CommonPanels
0x0000000006f49000 	/System/Library/Frameworks/Carbon.framework/Versions/A/Frameworks/Help.framework/Versions/A/Help
0x0000000006f49000 	/System/Library/Frameworks/Carbon.framework/Versions/A/Frameworks/ImageCapture.framework/Versions/A/ImageCapture
0x0000000006f49000 	/System/Library/Frameworks/Carbon.framework/Versions/A/Frameworks/OpenScripting.framework/Versions/A/OpenScripting
0x0000000006f49000 	/System/Library/Frameworks/Carbon.framework/Versions/A/Frameworks/Print.framework/Versions/A/Print
0x0000000006f49000 	/System/Library/Frameworks/Carbon.framework/Versions/A/Frameworks/SecurityHI.framework/Versions/A/SecurityHI
0x000000011ca5d000 	/Library/Java/JavaVirtualMachines/jdk1.8.0_101.jdk/Contents/Home/jre/lib/libdt_socket.dylib

VM Arguments:
jvm_args: -agentlib:jdwp=transport=dt_socket,suspend=y,address=localhost:64867 -Dfile.encoding=UTF-8 
java_command: lab9.Checkpoint1part1
java_class_path (initial): /Users/RuchaKelkar/Documents/workspace/project13/bin
Launcher Type: SUN_STANDARD

Environment Variables:
PATH=/usr/bin:/bin:/usr/sbin:/sbin
SHELL=/bin/bash

Signal Handlers:
SIGSEGV: [libjvm.dylib+0x5af145], sa_mask[0]=11111111011111110111111111111111, sa_flags=SA_ONSTACK|SA_RESTART|SA_SIGINFO
SIGBUS: [libjvm.dylib+0x5af145], sa_mask[0]=11111111011111110111111111111111, sa_flags=SA_RESTART|SA_SIGINFO
SIGFPE: [libjvm.dylib+0x48694c], sa_mask[0]=11111111011111110111111111111111, sa_flags=SA_RESTART|SA_SIGINFO
SIGPIPE: [libjvm.dylib+0x48694c], sa_mask[0]=11111111011111110111111111111111, sa_flags=SA_RESTART|SA_SIGINFO
SIGXFSZ: [libjvm.dylib+0x48694c], sa_mask[0]=11111111011111110111111111111111, sa_flags=SA_RESTART|SA_SIGINFO
SIGILL: [libjvm.dylib+0x48694c], sa_mask[0]=11111111011111110111111111111111, sa_flags=SA_RESTART|SA_SIGINFO
SIGUSR1: SIG_DFL, sa_mask[0]=00000000000000000000000000000000, sa_flags=none
SIGUSR2: [libjvm.dylib+0x48646a], sa_mask[0]=00100000000000000000000000000000, sa_flags=SA_RESTART|SA_SIGINFO
SIGHUP: [libjvm.dylib+0x484a41], sa_mask[0]=11111111011111110111111111111111, sa_flags=SA_RESTART|SA_SIGINFO
SIGINT: [libjvm.dylib+0x484a41], sa_mask[0]=11111111011111110111111111111111, sa_flags=SA_RESTART|SA_SIGINFO
SIGTERM: [libjvm.dylib+0x484a41], sa_mask[0]=11111111011111110111111111111111, sa_flags=SA_RESTART|SA_SIGINFO
SIGQUIT: [libjvm.dylib+0x484a41], sa_mask[0]=11111111011111110111111111111111, sa_flags=SA_RESTART|SA_SIGINFO


---------------  S Y S T E M  ---------------

OS:Bsduname:Darwin 15.5.0 Darwin Kernel Version 15.5.0: Tue Apr 19 18:36:36 PDT 2016; root:xnu-3248.50.21~8/RELEASE_X86_64 x86_64
rlimit: STACK 8192k, CORE 0k, NPROC 709, NOFILE 10240, AS infinity
load average:1.61 1.58 1.53

CPU:total 4 (2 cores per cpu, 2 threads per core) family 6 model 61 stepping 4, cmov, cx8, fxsr, mmx, sse, sse2, sse3, ssse3, sse4.1, sse4.2, popcnt, avx, avx2, aes, clmul, erms, 3dnowpref, lzcnt, ht, tsc, tscinvbit, bmi1, bmi2, adx

Memory: 4k page, physical 4194304k(17140k free)

/proc/meminfo:


vm_info: Java HotSpot(TM) 64-Bit Server VM (25.101-b13) for bsd-amd64 JRE (1.8.0_101-b13), built on Jun 22 2016 02:42:15 by "java_re" with gcc 4.2.1 (Based on Apple Inc. build 5658) (LLVM build 2336.11.00)

time: Thu Nov  3 14:24:46 2016
elapsed time: 476 seconds (0d 0h 7m 56s)

